@!@!@STARTMSG 2262:0 @!@!@
TLC2 Version 2.16 of 31 December 2020 (rev: cdddf55)
@!@!@ENDMSG 2262 @!@!@
@!@!@STARTMSG 2187:0 @!@!@
Running breadth-first search Model-Checking with fp 113 and seed 1059662504733220430 with 1 worker on 11 cores with 8192MB heap and 64MB offheap memory [pid: 25572] (Mac OS X 15.2 aarch64, Homebrew 17.0.15 x86_64, MSBDiskFPSet, DiskStateQueue).
@!@!@ENDMSG 2187 @!@!@
@!@!@STARTMSG 2220:0 @!@!@
Starting SANY...
@!@!@ENDMSG 2220 @!@!@
Parsing file /Users/cong/Documents/Github/FlexSync/TLA+/KVS-Raft/KVSRaft.tla
Parsing file /private/var/folders/h0/ff73yt296_v0s79xtjn3vmz00000gn/T/Naturals.tla
Parsing file /private/var/folders/h0/ff73yt296_v0s79xtjn3vmz00000gn/T/FiniteSets.tla
Parsing file /private/var/folders/h0/ff73yt296_v0s79xtjn3vmz00000gn/T/Sequences.tla
Parsing file /private/var/folders/h0/ff73yt296_v0s79xtjn3vmz00000gn/T/TLC.tla
Semantic processing of module Naturals
Semantic processing of module Sequences
Semantic processing of module FiniteSets
Semantic processing of module TLC
Semantic processing of module KVSRaft
@!@!@STARTMSG 2219:0 @!@!@
SANY finished.
@!@!@ENDMSG 2219 @!@!@
@!@!@STARTMSG 2185:0 @!@!@
Starting... (2025-08-31 23:10:17)
@!@!@ENDMSG 2185 @!@!@
@!@!@STARTMSG 2189:0 @!@!@
Computing initial states...
@!@!@ENDMSG 2189 @!@!@
@!@!@STARTMSG 2190:0 @!@!@
Finished computing initial states: 1 distinct state generated at 2025-08-31 23:10:17.
@!@!@ENDMSG 2190 @!@!@
@!@!@STARTMSG 2143:3 @!@!@
The variable state was changed while it is specified as UNCHANGED at
line 55, col 30 to line 55, col 34 of module KVSRaft
@!@!@ENDMSG 2143 @!@!@
@!@!@STARTMSG 2200:0 @!@!@
Progress(10) at 2025-08-31 23:10:20: 334,460 states generated (334,460 s/min), 96,353 distinct states found (96,353 ds/min), 70,900 states left on queue.
@!@!@ENDMSG 2200 @!@!@
